<?xml version="1.0" encoding="UTF-8"?>
<testsuite name="EventTest" tests="3" skipped="0" failures="0" errors="0" timestamp="2016-09-09T15:55:38" hostname="epicodus-33.local" time="0.002">
  <properties/>
  <testcase name="eventCalculator_instantiatesCorrectly" classname="EventTest" time="0.002"/>
  <testcase name="eventCalculator_getsChickenWings_15" classname="EventTest" time="0.0"/>
  <testcase name="eventCalculator_getsPeople_7" classname="EventTest" time="0.0"/>
  <system-out><![CDATA[]]></system-out>
  <system-err><![CDATA[]]></system-err>
</testsuite>
